#
# There is insufficient memory for the Java Runtime Environment to continue.
# Native memory allocation (malloc) failed to allocate 487856 bytes for Chunk::new
# Possible reasons:
#   The system is out of physical RAM or swap space
#   The process is running with CompressedOops enabled, and the Java Heap may be blocking the growth of the native heap
# Possible solutions:
#   Reduce memory load on the system
#   Increase physical memory or swap space
#   Check if swap backing store is full
#   Decrease Java heap size (-Xmx/-Xms)
#   Decrease number of Java threads
#   Decrease Java thread stack sizes (-Xss)
#   Set larger code cache with -XX:ReservedCodeCacheSize=
#   JVM is running with Unscaled Compressed Oops mode in which the Java heap is
#     placed in the first 4GB address space. The Java Heap base address is the
#     maximum limit for the native heap growth. Please use -XX:HeapBaseMinAddress
#     to set the Java Heap base and to place the Java Heap above 4GB virtual address.
# This output file may be truncated or incomplete.
#
#  Out of Memory Error (arena.cpp:184), pid=22236, tid=1296
#
# JRE version: Java(TM) SE Runtime Environment (20.0.2+9) (build 20.0.2+9-78)
# Java VM: Java HotSpot(TM) 64-Bit Server VM (20.0.2+9-78, mixed mode, sharing, tiered, compressed oops, compressed class ptrs, parallel gc, windows-amd64)
# No core dump will be written. Minidumps are not enabled by default on client versions of Windows
#

---------------  S U M M A R Y ------------

Command Line: --add-modules=ALL-SYSTEM --add-opens=java.base/java.util=ALL-UNNAMED --add-opens=java.base/java.lang=ALL-UNNAMED --add-opens=java.base/sun.nio.fs=ALL-UNNAMED -Declipse.application=org.eclipse.jdt.ls.core.id1 -Dosgi.bundles.defaultStartLevel=4 -Declipse.product=org.eclipse.jdt.ls.core.product -Djava.import.generatesMetadataFilesAtProjectRoot=false -DDetectVMInstallationsJob.disabled=true -Dfile.encoding=utf8 -XX:+UseParallelGC -XX:GCTimeRatio=4 -XX:AdaptiveSizePolicyWeight=90 -Dsun.zip.disableMemoryMapping=true -Xmx1G -Xms100m -Xlog:disable -javaagent:c:\Users\kenya\.vscode\extensions\redhat.java-1.28.1-win32-x64\lombok\lombok-1.18.31.jar c:\Users\kenya\.vscode\extensions\redhat.java-1.28.1-win32-x64\server\plugins\org.eclipse.equinox.launcher_1.6.700.v20231214-2017.jar -configuration c:\Users\kenya\AppData\Roaming\Code\User\globalStorage\redhat.java\1.28.1\config_ss_win -data c:\Users\kenya\AppData\Roaming\Code\User\workspaceStorage\9d91dc2d47d43183baebb62dfd81b70e\redhat.java\ss_ws --stdio

Host: 13th Gen Intel(R) Core(TM) i7-1360P, 16 cores, 15G,  Windows 11 , 64 bit Build 22621 (10.0.22621.3235)
Time: Thu Mar 28 23:02:09 2024  Windows 11 , 64 bit Build 22621 (10.0.22621.3235) elapsed time: 5.387975 seconds (0d 0h 0m 5s)

---------------  T H R E A D  ---------------

Current thread (0x000001d9fd8c8f90):  JavaThread "C2 CompilerThread1" daemon [_thread_in_native, id=1296, stack(0x000000331f400000,0x000000331f500000)]


Current CompileTask:
C2:   5388 3964       4       jdk.internal.jimage.ImageLocation::getFullName (109 bytes)

Stack: [0x000000331f400000,0x000000331f500000]
Native frames: (J=compiled Java code, j=interpreted, Vv=VM code, C=native code)
V  [jvm.dll+0x6bc25a]
V  [jvm.dll+0x84971a]
V  [jvm.dll+0x84b315]
V  [jvm.dll+0x84ba13]
V  [jvm.dll+0x280e4f]
V  [jvm.dll+0xc2ab1]
V  [jvm.dll+0xc2dd5]
V  [jvm.dll+0x3bb612]
V  [jvm.dll+0x385b75]
V  [jvm.dll+0x384fea]
V  [jvm.dll+0x24b529]
V  [jvm.dll+0x24a921]
V  [jvm.dll+0x1ce761]
V  [jvm.dll+0x25a0eb]
V  [jvm.dll+0x2587c0]
V  [jvm.dll+0x3f2dd5]
V  [jvm.dll+0x7f5c76]
V  [jvm.dll+0x6baecb]
C  [ucrtbase.dll+0x29363]
C  [KERNEL32.DLL+0x1257d]
C  [ntdll.dll+0x5aa58]


---------------  P R O C E S S  ---------------

Threads class SMR info:
_java_thread_list=0x000001d9fde996b0, length=29, elements={
0x000001d9ef6ae650, 0x000001d9ef75b6a0, 0x000001d9f997d130, 0x000001d9ef760f00,
0x000001d9ef762e60, 0x000001d9ef768170, 0x000001d9ef765dc0, 0x000001d9ef768ec0,
0x000001d9ef769b10, 0x000001d9faef2110, 0x000001d9fc7074f0, 0x000001d9fcc34350,
0x000001d9fca57cb0, 0x000001d9fcbbd9c0, 0x000001d9fcbb2960, 0x000001d9fcd6ca30,
0x000001d9fce2d5d0, 0x000001d9fce30050, 0x000001d9fce2fb00, 0x000001d9fd8c8f90,
0x000001d9fce2f060, 0x000001d9fce2e070, 0x000001d9fce2e5c0, 0x000001d9fce2d080,
0x000001d9fce2eb10, 0x000001d9fdd01920, 0x000001d9fde97390, 0x000001d9fdcf90e0,
0x000001d9fec2d740
}

Java Threads: ( => current thread )
  0x000001d9ef6ae650 JavaThread "main" [_thread_blocked, id=17868, stack(0x000000331d500000,0x000000331d600000)]
  0x000001d9ef75b6a0 JavaThread "Reference Handler" daemon [_thread_blocked, id=9852, stack(0x000000331d800000,0x000000331d900000)]
  0x000001d9f997d130 JavaThread "Finalizer" daemon [_thread_blocked, id=34800, stack(0x000000331d900000,0x000000331da00000)]
  0x000001d9ef760f00 JavaThread "Signal Dispatcher" daemon [_thread_blocked, id=19524, stack(0x000000331da00000,0x000000331db00000)]
  0x000001d9ef762e60 JavaThread "Attach Listener" daemon [_thread_blocked, id=4964, stack(0x000000331db00000,0x000000331dc00000)]
  0x000001d9ef768170 JavaThread "Service Thread" daemon [_thread_blocked, id=31896, stack(0x000000331dc00000,0x000000331dd00000)]
  0x000001d9ef765dc0 JavaThread "Monitor Deflation Thread" daemon [_thread_blocked, id=24088, stack(0x000000331dd00000,0x000000331de00000)]
  0x000001d9ef768ec0 JavaThread "C2 CompilerThread0" daemon [_thread_in_native, id=30688, stack(0x000000331de00000,0x000000331df00000)]
  0x000001d9ef769b10 JavaThread "C1 CompilerThread0" daemon [_thread_blocked, id=12532, stack(0x000000331df00000,0x000000331e000000)]
  0x000001d9faef2110 JavaThread "Common-Cleaner" daemon [_thread_blocked, id=19332, stack(0x000000331e000000,0x000000331e100000)]
  0x000001d9fc7074f0 JavaThread "Notification Thread" daemon [_thread_blocked, id=15596, stack(0x000000331e100000,0x000000331e200000)]
  0x000001d9fcc34350 JavaThread "Active Thread: Equinox Container: 428eea07-12e3-4ed7-b5eb-84260bf754e0" [_thread_blocked, id=3676, stack(0x000000331e900000,0x000000331ea00000)]
  0x000001d9fca57cb0 JavaThread "Framework Event Dispatcher: Equinox Container: 428eea07-12e3-4ed7-b5eb-84260bf754e0" daemon [_thread_blocked, id=25776, stack(0x000000331ea00000,0x000000331eb00000)]
  0x000001d9fcbbd9c0 JavaThread "Start Level: Equinox Container: 428eea07-12e3-4ed7-b5eb-84260bf754e0" daemon [_thread_blocked, id=19376, stack(0x000000331eb00000,0x000000331ec00000)]
  0x000001d9fcbb2960 JavaThread "SCR Component Actor" daemon [_thread_blocked, id=15876, stack(0x000000331ec00000,0x000000331ed00000)]
  0x000001d9fcd6ca30 JavaThread "SCR Component Registry" daemon [_thread_blocked, id=25668, stack(0x000000331ee00000,0x000000331ef00000)]
  0x000001d9fce2d5d0 JavaThread "Worker-JM" [_thread_blocked, id=32928, stack(0x000000331f000000,0x000000331f100000)]
  0x000001d9fce30050 JavaThread "Worker-0" [_thread_blocked, id=20840, stack(0x000000331f500000,0x000000331f600000)]
  0x000001d9fce2fb00 JavaThread "Worker-1" [_thread_blocked, id=34664, stack(0x000000331f600000,0x000000331f700000)]
=>0x000001d9fd8c8f90 JavaThread "C2 CompilerThread1" daemon [_thread_in_native, id=1296, stack(0x000000331f400000,0x000000331f500000)]
  0x000001d9fce2f060 JavaThread "JNA Cleaner" daemon [_thread_blocked, id=19488, stack(0x000000331fa00000,0x000000331fb00000)]
  0x000001d9fce2e070 JavaThread "pool-2-thread-1" [_thread_blocked, id=1492, stack(0x000000331fb00000,0x000000331fc00000)]
  0x000001d9fce2e5c0 JavaThread "Worker-2: Initialize Workspace" [_thread_in_Java, id=34860, stack(0x000000331fc00000,0x000000331fd00000)]
  0x000001d9fce2d080 JavaThread "WorkspaceEventsHandler" [_thread_blocked, id=7672, stack(0x000000331fd00000,0x000000331fe00000)]
  0x000001d9fce2eb10 JavaThread "pool-1-thread-1" [_thread_in_native, id=27300, stack(0x000000331fe00000,0x000000331ff00000)]
  0x000001d9fdd01920 JavaThread "C1 CompilerThread1" daemon [_thread_blocked, id=32384, stack(0x000000331ff00000,0x0000003320000000)]
  0x000001d9fde97390 JavaThread "C1 CompilerThread2" daemon [_thread_blocked, id=10788, stack(0x0000003320000000,0x0000003320100000)]
  0x000001d9fdcf90e0 JavaThread "C1 CompilerThread3" daemon [_thread_in_vm, id=32252, stack(0x0000003320100000,0x0000003320200000)]
  0x000001d9fec2d740 JavaThread "C2 CompilerThread2" daemon [_thread_in_native, id=7316, stack(0x0000003320200000,0x0000003320300000)]

Other Threads:
  0x000001d9ef753d00 VMThread "VM Thread" [stack: 0x000000331d700000,0x000000331d800000] [id=18176]
  0x000001d9fc6f80b0 WatcherThread "VM Periodic Task Thread" [stack: 0x000000331e200000,0x000000331e300000] [id=35404]
  0x000001d9ef6d2950 WorkerThread "GC Thread#0" [stack: 0x000000331d600000,0x000000331d700000] [id=19212]
  0x000001d9fc76cc70 WorkerThread "GC Thread#1" [stack: 0x000000331e300000,0x000000331e400000] [id=10728]
  0x000001d9fc76cf40 WorkerThread "GC Thread#2" [stack: 0x000000331e400000,0x000000331e500000] [id=32552]
  0x000001d9fc9260f0 WorkerThread "GC Thread#3" [stack: 0x000000331e500000,0x000000331e600000] [id=20956]
  0x000001d9fc9263c0 WorkerThread "GC Thread#4" [stack: 0x000000331e600000,0x000000331e700000] [id=13576]
  0x000001d9fc926690 WorkerThread "GC Thread#5" [stack: 0x000000331e700000,0x000000331e800000] [id=30672]
  0x000001d9fc926960 WorkerThread "GC Thread#6" [stack: 0x000000331e800000,0x000000331e900000] [id=20004]
  0x000001d9fcba0dd0 WorkerThread "GC Thread#7" [stack: 0x000000331ed00000,0x000000331ee00000] [id=19432]
  0x000001d9fcffd830 WorkerThread "GC Thread#8" [stack: 0x000000331f100000,0x000000331f200000] [id=33852]
  0x000001d9fcdd0530 WorkerThread "GC Thread#9" [stack: 0x000000331f200000,0x000000331f300000] [id=27336]
  0x000001d9fcec9f70 WorkerThread "GC Thread#10" [stack: 0x000000331f300000,0x000000331f400000] [id=10472]
  0x000001d9fcecb5f0 WorkerThread "GC Thread#11" [stack: 0x000000331f700000,0x000000331f800000] [id=35248]
  0x000001d9fcecb8c0 WorkerThread "GC Thread#12" [stack: 0x000000331f800000,0x000000331f900000] [id=27484]

Threads with active compile tasks:
C2 CompilerThread0     5415 3976       4       jdk.internal.jimage.ImageReader$SharedImageReader::makeDirectories (54 bytes)
C2 CompilerThread1     5415 3964       4       jdk.internal.jimage.ImageLocation::getFullName (109 bytes)
C1 CompilerThread3     5415 4032       3       org.eclipse.jdt.internal.compiler.parser.Scanner::scanIdentifierOrKeywordWithBoundCheck (196 bytes)
C2 CompilerThread2     5415 4007 %     4       java.util.Properties::load0 @ 29 (249 bytes)

VM state: not at safepoint (normal execution)

VM Mutex/Monitor currently owned by a thread: None

Heap address: 0x00000000c0000000, size: 1024 MB, Compressed Oops mode: 32-bit

CDS archive(s) mapped at: [0x000001d98f000000-0x000001d98fc60000-0x000001d98fc60000), size 12976128, SharedBaseAddress: 0x000001d98f000000, ArchiveRelocationMode: 1.
Compressed class space mapped at: 0x000001d990000000-0x000001d9d0000000, reserved size: 1073741824
Narrow klass base: 0x000001d98f000000, Narrow klass shift: 0, Narrow klass range: 0x100000000

GC Precious Log:
 CardTable entry size: 512
 CPUs: 16 total, 16 available
 Memory: 16068M
 Large Page Support: Disabled
 NUMA Support: Disabled
 Compressed Oops: Enabled (32-bit)
 Alignments: Space 512K, Generation 512K, Heap 2M
 Heap Min Capacity: 100M
 Heap Initial Capacity: 100M
 Heap Max Capacity: 1G
 Pre-touch: Disabled
 Parallel Workers: 13

Heap:
 PSYoungGen      total 28160K, used 18704K [0x00000000eab00000, 0x00000000ecc00000, 0x0000000100000000)
  eden space 22528K, 58% used [0x00000000eab00000,0x00000000eb7ed038,0x00000000ec100000)
  from space 5632K, 97% used [0x00000000ec180000,0x00000000ec6d70e8,0x00000000ec700000)
  to   space 5120K, 0% used [0x00000000ec700000,0x00000000ec700000,0x00000000ecc00000)
 ParOldGen       total 68608K, used 11360K [0x00000000c0000000, 0x00000000c4300000, 0x00000000eab00000)
  object space 68608K, 16% used [0x00000000c0000000,0x00000000c0b18190,0x00000000c4300000)
 Metaspace       used 30244K, committed 31104K, reserved 1114112K
  class space    used 2942K, committed 3328K, reserved 1048576K

Card table byte_map: [0x000001d9ef050000,0x000001d9ef260000] _byte_map_base: 0x000001d9eea50000

Marking Bits: (ParMarkBitMap*) 0x00007ff903bfdf80
 Begin Bits: [0x000001d9f7780000, 0x000001d9f8780000)
 End Bits:   [0x000001d9f8780000, 0x000001d9f9780000)

Polling page: 0x000001d9ed400000

Metaspace:

Usage:
  Non-class:     26.66 MB used.
      Class:      2.87 MB used.
       Both:     29.54 MB used.

Virtual space:
  Non-class space:       64.00 MB reserved,      27.12 MB ( 42%) committed,  1 nodes.
      Class space:        1.00 GB reserved,       3.25 MB ( <1%) committed,  1 nodes.
             Both:        1.06 GB reserved,      30.38 MB (  3%) committed. 

Chunk freelists:
   Non-Class:  96.00 KB
       Class:  803.00 KB
        Both:  899.00 KB

MaxMetaspaceSize: unlimited
CompressedClassSpaceSize: 1.00 GB
Initial GC threshold: 21.00 MB
Current GC threshold: 35.00 MB
CDS: on
MetaspaceReclaimPolicy: balanced
 - commit_granule_bytes: 65536.
 - commit_granule_words: 8192.
 - virtual_space_node_default_size: 8388608.
 - enlarge_chunks_in_place: 1.
 - new_chunks_are_fully_committed: 0.
 - uncommit_free_chunks: 1.
 - use_allocation_guard: 0.


Internal statistics:

num_allocs_failed_limit: 3.
num_arena_births: 578.
num_arena_deaths: 14.
num_vsnodes_births: 2.
num_vsnodes_deaths: 0.
num_space_committed: 486.
num_space_uncommitted: 0.
num_chunks_returned_to_freelist: 17.
num_chunks_taken_from_freelist: 1728.
num_chunk_merges: 8.
num_chunk_splits: 1133.
num_chunks_enlarged: 732.
num_inconsistent_stats: 0.

CodeHeap 'non-profiled nmethods': size=119168Kb used=1670Kb max_used=1670Kb free=117497Kb
 bounds [0x000001d987ba0000, 0x000001d987e10000, 0x000001d98f000000]
CodeHeap 'profiled nmethods': size=119104Kb used=7988Kb max_used=7988Kb free=111115Kb
 bounds [0x000001d980000000, 0x000001d9807d0000, 0x000001d987450000]
CodeHeap 'non-nmethods': size=7488Kb used=3093Kb max_used=3121Kb free=4394Kb
 bounds [0x000001d987450000, 0x000001d9877f0000, 0x000001d987ba0000]
 total_blobs=4650 nmethods=4015 adapters=543
 compilation: enabled
              stopped_count=0, restarted_count=0
 full_count=0

Compilation events (20 events):
Event: 5.382 Thread 0x000001d9ef769b10 3988       1       org.eclipse.jdt.internal.core.JarPackageFragment::internalIsValidPackageName (2 bytes)
Event: 5.382 Thread 0x000001d9ef769b10 nmethod 3988 0x000001d987d3df10 code [0x000001d987d3e080, 0x000001d987d3e148]
Event: 5.383 Thread 0x000001d9fdd01920 nmethod 3990 0x000001d9807c0f10 code [0x000001d9807c10c0, 0x000001d9807c1448]
Event: 5.383 Thread 0x000001d9fdcf90e0 nmethod 3985 0x000001d9807c1590 code [0x000001d9807c17e0, 0x000001d9807c2268]
Event: 5.385 Thread 0x000001d9fec2d740 nmethod 3981 0x000001d987d3e210 code [0x000001d987d3e380, 0x000001d987d3e670]
Event: 5.385 Thread 0x000001d9fec2d740 3972       4       java.util.ArrayList$ArrayListSpliterator::tryAdvance (79 bytes)
Event: 5.385 Thread 0x000001d9fdd01920 3991       3       java.lang.invoke.LambdaForm$MH/0x000001d990117400::invoke (45 bytes)
Event: 5.385 Thread 0x000001d9fdcf90e0 3992       3       org.eclipse.core.internal.registry.ReferenceMap::newEntry (62 bytes)
Event: 5.385 Thread 0x000001d9ef769b10 3993       3       org.eclipse.core.internal.registry.ReferenceMap$SoftRef::<init> (18 bytes)
Event: 5.386 Thread 0x000001d9fdd01920 nmethod 3991 0x000001d9807c2690 code [0x000001d9807c2860, 0x000001d9807c2e40]
Event: 5.386 Thread 0x000001d9fdd01920 3994       3       org.eclipse.core.internal.registry.TableReader::readArray (42 bytes)
Event: 5.386 Thread 0x000001d9fde97390 3995       3       org.eclipse.core.internal.registry.TableReader::getObjectFactory (8 bytes)
Event: 5.386 Thread 0x000001d9ef769b10 nmethod 3993 0x000001d9807c3010 code [0x000001d9807c31c0, 0x000001d9807c34a8]
Event: 5.386 Thread 0x000001d9ef769b10 3996       3       org.eclipse.core.internal.registry.ExtensionRegistry::getElementFactory (16 bytes)
Event: 5.386 Thread 0x000001d9fde97390 nmethod 3995 0x000001d9807c3610 code [0x000001d9807c37c0, 0x000001d9807c39d8]
Event: 5.386 Thread 0x000001d9fde97390 3997       3       org.eclipse.core.internal.registry.RegistryObject::<init> (35 bytes)
Event: 5.386 Thread 0x000001d9fdd01920 nmethod 3994 0x000001d9807c3b10 code [0x000001d9807c3cc0, 0x000001d9807c4048]
Event: 5.386 Thread 0x000001d9fdcf90e0 nmethod 3992 0x000001d9807c4210 code [0x000001d9807c4400, 0x000001d9807c49a8]
Event: 5.386 Thread 0x000001d9fdcf90e0 3999       3       org.eclipse.core.internal.registry.RegistryObject::setExtraDataOffset (71 bytes)
Event: 5.386 Thread 0x000001d9fdd01920 3998       3       org.eclipse.core.internal.registry.RegistryObject::setPersist (30 bytes)

GC Heap History (20 events):
Event: 1.212 GC heap before
{Heap before GC invocations=1 (full 0):
 PSYoungGen      total 29696K, used 25600K [0x00000000eab00000, 0x00000000ecc00000, 0x0000000100000000)
  eden space 25600K, 100% used [0x00000000eab00000,0x00000000ec400000,0x00000000ec400000)
  from space 4096K, 0% used [0x00000000ec800000,0x00000000ec800000,0x00000000ecc00000)
  to   space 4096K, 0% used [0x00000000ec400000,0x00000000ec400000,0x00000000ec800000)
 ParOldGen       total 68608K, used 0K [0x00000000c0000000, 0x00000000c4300000, 0x00000000eab00000)
  object space 68608K, 0% used [0x00000000c0000000,0x00000000c0000000,0x00000000c4300000)
 Metaspace       used 4649K, committed 4928K, reserved 1114112K
  class space    used 447K, committed 576K, reserved 1048576K
}
Event: 1.222 GC heap after
{Heap after GC invocations=1 (full 0):
 PSYoungGen      total 29696K, used 3258K [0x00000000eab00000, 0x00000000ecc00000, 0x0000000100000000)
  eden space 25600K, 0% used [0x00000000eab00000,0x00000000eab00000,0x00000000ec400000)
  from space 4096K, 79% used [0x00000000ec400000,0x00000000ec72ea98,0x00000000ec800000)
  to   space 4096K, 0% used [0x00000000ec800000,0x00000000ec800000,0x00000000ecc00000)
 ParOldGen       total 68608K, used 16K [0x00000000c0000000, 0x00000000c4300000, 0x00000000eab00000)
  object space 68608K, 0% used [0x00000000c0000000,0x00000000c0004000,0x00000000c4300000)
 Metaspace       used 4649K, committed 4928K, reserved 1114112K
  class space    used 447K, committed 576K, reserved 1048576K
}
Event: 1.968 GC heap before
{Heap before GC invocations=2 (full 0):
 PSYoungGen      total 29696K, used 28858K [0x00000000eab00000, 0x00000000ecc00000, 0x0000000100000000)
  eden space 25600K, 100% used [0x00000000eab00000,0x00000000ec400000,0x00000000ec400000)
  from space 4096K, 79% used [0x00000000ec400000,0x00000000ec72ea98,0x00000000ec800000)
  to   space 4096K, 0% used [0x00000000ec800000,0x00000000ec800000,0x00000000ecc00000)
 ParOldGen       total 68608K, used 16K [0x00000000c0000000, 0x00000000c4300000, 0x00000000eab00000)
  object space 68608K, 0% used [0x00000000c0000000,0x00000000c0004000,0x00000000c4300000)
 Metaspace       used 8544K, committed 8832K, reserved 1114112K
  class space    used 830K, committed 960K, reserved 1048576K
}
Event: 1.973 GC heap after
{Heap after GC invocations=2 (full 0):
 PSYoungGen      total 29696K, used 4079K [0x00000000eab00000, 0x00000000ecc00000, 0x0000000100000000)
  eden space 25600K, 0% used [0x00000000eab00000,0x00000000eab00000,0x00000000ec400000)
  from space 4096K, 99% used [0x00000000ec800000,0x00000000ecbfbc40,0x00000000ecc00000)
  to   space 4096K, 0% used [0x00000000ec400000,0x00000000ec400000,0x00000000ec800000)
 ParOldGen       total 68608K, used 903K [0x00000000c0000000, 0x00000000c4300000, 0x00000000eab00000)
  object space 68608K, 1% used [0x00000000c0000000,0x00000000c00e1ea8,0x00000000c4300000)
 Metaspace       used 8544K, committed 8832K, reserved 1114112K
  class space    used 830K, committed 960K, reserved 1048576K
}
Event: 2.470 GC heap before
{Heap before GC invocations=3 (full 0):
 PSYoungGen      total 29696K, used 29679K [0x00000000eab00000, 0x00000000ecc00000, 0x0000000100000000)
  eden space 25600K, 99% used [0x00000000eab00000,0x00000000ec3fffe8,0x00000000ec400000)
  from space 4096K, 99% used [0x00000000ec800000,0x00000000ecbfbc40,0x00000000ecc00000)
  to   space 4096K, 0% used [0x00000000ec400000,0x00000000ec400000,0x00000000ec800000)
 ParOldGen       total 68608K, used 903K [0x00000000c0000000, 0x00000000c4300000, 0x00000000eab00000)
  object space 68608K, 1% used [0x00000000c0000000,0x00000000c00e1ea8,0x00000000c4300000)
 Metaspace       used 13578K, committed 14080K, reserved 1114112K
  class space    used 1333K, committed 1536K, reserved 1048576K
}
Event: 2.476 GC heap after
{Heap after GC invocations=3 (full 0):
 PSYoungGen      total 29696K, used 4078K [0x00000000eab00000, 0x00000000ecc00000, 0x0000000100000000)
  eden space 25600K, 0% used [0x00000000eab00000,0x00000000eab00000,0x00000000ec400000)
  from space 4096K, 99% used [0x00000000ec400000,0x00000000ec7fb928,0x00000000ec800000)
  to   space 4096K, 0% used [0x00000000ec800000,0x00000000ec800000,0x00000000ecc00000)
 ParOldGen       total 68608K, used 2699K [0x00000000c0000000, 0x00000000c4300000, 0x00000000eab00000)
  object space 68608K, 3% used [0x00000000c0000000,0x00000000c02a2ef8,0x00000000c4300000)
 Metaspace       used 13578K, committed 14080K, reserved 1114112K
  class space    used 1333K, committed 1536K, reserved 1048576K
}
Event: 2.785 GC heap before
{Heap before GC invocations=4 (full 0):
 PSYoungGen      total 29696K, used 29581K [0x00000000eab00000, 0x00000000ecc00000, 0x0000000100000000)
  eden space 25600K, 99% used [0x00000000eab00000,0x00000000ec3e7ec8,0x00000000ec400000)
  from space 4096K, 99% used [0x00000000ec400000,0x00000000ec7fb928,0x00000000ec800000)
  to   space 4096K, 0% used [0x00000000ec800000,0x00000000ec800000,0x00000000ecc00000)
 ParOldGen       total 68608K, used 2699K [0x00000000c0000000, 0x00000000c4300000, 0x00000000eab00000)
  object space 68608K, 3% used [0x00000000c0000000,0x00000000c02a2ef8,0x00000000c4300000)
 Metaspace       used 16268K, committed 16832K, reserved 1114112K
  class space    used 1584K, committed 1856K, reserved 1048576K
}
Event: 2.788 GC heap after
{Heap after GC invocations=4 (full 0):
 PSYoungGen      total 29696K, used 4066K [0x00000000eab00000, 0x00000000ecc00000, 0x0000000100000000)
  eden space 25600K, 0% used [0x00000000eab00000,0x00000000eab00000,0x00000000ec400000)
  from space 4096K, 99% used [0x00000000ec800000,0x00000000ecbf8b98,0x00000000ecc00000)
  to   space 4096K, 0% used [0x00000000ec400000,0x00000000ec400000,0x00000000ec800000)
 ParOldGen       total 68608K, used 5007K [0x00000000c0000000, 0x00000000c4300000, 0x00000000eab00000)
  object space 68608K, 7% used [0x00000000c0000000,0x00000000c04e3c70,0x00000000c4300000)
 Metaspace       used 16268K, committed 16832K, reserved 1114112K
  class space    used 1584K, committed 1856K, reserved 1048576K
}
Event: 3.073 GC heap before
{Heap before GC invocations=5 (full 0):
 PSYoungGen      total 29696K, used 29666K [0x00000000eab00000, 0x00000000ecc00000, 0x0000000100000000)
  eden space 25600K, 100% used [0x00000000eab00000,0x00000000ec400000,0x00000000ec400000)
  from space 4096K, 99% used [0x00000000ec800000,0x00000000ecbf8b98,0x00000000ecc00000)
  to   space 4096K, 0% used [0x00000000ec400000,0x00000000ec400000,0x00000000ec800000)
 ParOldGen       total 68608K, used 5007K [0x00000000c0000000, 0x00000000c4300000, 0x00000000eab00000)
  object space 68608K, 7% used [0x00000000c0000000,0x00000000c04e3c70,0x00000000c4300000)
 Metaspace       used 20674K, committed 21312K, reserved 1114112K
  class space    used 1888K, committed 2176K, reserved 1048576K
}
Event: 3.077 GC heap after
{Heap after GC invocations=5 (full 0):
 PSYoungGen      total 29184K, used 4081K [0x00000000eab00000, 0x00000000ed080000, 0x0000000100000000)
  eden space 25088K, 0% used [0x00000000eab00000,0x00000000eab00000,0x00000000ec380000)
  from space 4096K, 99% used [0x00000000ec400000,0x00000000ec7fc7f8,0x00000000ec800000)
  to   space 6656K, 0% used [0x00000000eca00000,0x00000000eca00000,0x00000000ed080000)
 ParOldGen       total 68608K, used 7101K [0x00000000c0000000, 0x00000000c4300000, 0x00000000eab00000)
  object space 68608K, 10% used [0x00000000c0000000,0x00000000c06ef6a0,0x00000000c4300000)
 Metaspace       used 20674K, committed 21312K, reserved 1114112K
  class space    used 1888K, committed 2176K, reserved 1048576K
}
Event: 3.110 GC heap before
{Heap before GC invocations=6 (full 0):
 PSYoungGen      total 29184K, used 13116K [0x00000000eab00000, 0x00000000ed080000, 0x0000000100000000)
  eden space 25088K, 36% used [0x00000000eab00000,0x00000000eb3d2890,0x00000000ec380000)
  from space 4096K, 99% used [0x00000000ec400000,0x00000000ec7fc7f8,0x00000000ec800000)
  to   space 6656K, 0% used [0x00000000eca00000,0x00000000eca00000,0x00000000ed080000)
 ParOldGen       total 68608K, used 7101K [0x00000000c0000000, 0x00000000c4300000, 0x00000000eab00000)
  object space 68608K, 10% used [0x00000000c0000000,0x00000000c06ef6a0,0x00000000c4300000)
 Metaspace       used 20898K, committed 21504K, reserved 1114112K
  class space    used 1905K, committed 2176K, reserved 1048576K
}
Event: 3.114 GC heap after
{Heap after GC invocations=6 (full 0):
 PSYoungGen      total 29696K, used 4487K [0x00000000eab00000, 0x00000000ece80000, 0x0000000100000000)
  eden space 25088K, 0% used [0x00000000eab00000,0x00000000eab00000,0x00000000ec380000)
  from space 4608K, 97% used [0x00000000eca00000,0x00000000ece61d50,0x00000000ece80000)
  to   space 5632K, 0% used [0x00000000ec380000,0x00000000ec380000,0x00000000ec900000)
 ParOldGen       total 68608K, used 7109K [0x00000000c0000000, 0x00000000c4300000, 0x00000000eab00000)
  object space 68608K, 10% used [0x00000000c0000000,0x00000000c06f16a0,0x00000000c4300000)
 Metaspace       used 20898K, committed 21504K, reserved 1114112K
  class space    used 1905K, committed 2176K, reserved 1048576K
}
Event: 3.115 GC heap before
{Heap before GC invocations=7 (full 1):
 PSYoungGen      total 29696K, used 4487K [0x00000000eab00000, 0x00000000ece80000, 0x0000000100000000)
  eden space 25088K, 0% used [0x00000000eab00000,0x00000000eab00000,0x00000000ec380000)
  from space 4608K, 97% used [0x00000000eca00000,0x00000000ece61d50,0x00000000ece80000)
  to   space 5632K, 0% used [0x00000000ec380000,0x00000000ec380000,0x00000000ec900000)
 ParOldGen       total 68608K, used 7109K [0x00000000c0000000, 0x00000000c4300000, 0x00000000eab00000)
  object space 68608K, 10% used [0x00000000c0000000,0x00000000c06f16a0,0x00000000c4300000)
 Metaspace       used 20898K, committed 21504K, reserved 1114112K
  class space    used 1905K, committed 2176K, reserved 1048576K
}
Event: 3.136 GC heap after
{Heap after GC invocations=7 (full 1):
 PSYoungGen      total 29696K, used 0K [0x00000000eab00000, 0x00000000ece80000, 0x0000000100000000)
  eden space 25088K, 0% used [0x00000000eab00000,0x00000000eab00000,0x00000000ec380000)
  from space 4608K, 0% used [0x00000000eca00000,0x00000000eca00000,0x00000000ece80000)
  to   space 5632K, 0% used [0x00000000ec380000,0x00000000ec380000,0x00000000ec900000)
 ParOldGen       total 68608K, used 9581K [0x00000000c0000000, 0x00000000c4300000, 0x00000000eab00000)
  object space 68608K, 13% used [0x00000000c0000000,0x00000000c095b670,0x00000000c4300000)
 Metaspace       used 20885K, committed 21504K, reserved 1114112K
  class space    used 1901K, committed 2176K, reserved 1048576K
}
Event: 4.088 GC heap before
{Heap before GC invocations=8 (full 1):
 PSYoungGen      total 29696K, used 25088K [0x00000000eab00000, 0x00000000ece80000, 0x0000000100000000)
  eden space 25088K, 100% used [0x00000000eab00000,0x00000000ec380000,0x00000000ec380000)
  from space 4608K, 0% used [0x00000000eca00000,0x00000000eca00000,0x00000000ece80000)
  to   space 5632K, 0% used [0x00000000ec380000,0x00000000ec380000,0x00000000ec900000)
 ParOldGen       total 68608K, used 9581K [0x00000000c0000000, 0x00000000c4300000, 0x00000000eab00000)
  object space 68608K, 13% used [0x00000000c0000000,0x00000000c095b670,0x00000000c4300000)
 Metaspace       used 24631K, committed 25344K, reserved 1114112K
  class space    used 2293K, committed 2560K, reserved 1048576K
}
Event: 4.090 GC heap after
{Heap after GC invocations=8 (full 1):
 PSYoungGen      total 28160K, used 3355K [0x00000000eab00000, 0x00000000ecb00000, 0x0000000100000000)
  eden space 24576K, 0% used [0x00000000eab00000,0x00000000eab00000,0x00000000ec300000)
  from space 3584K, 93% used [0x00000000ec380000,0x00000000ec6c6f98,0x00000000ec700000)
  to   space 4096K, 0% used [0x00000000ec700000,0x00000000ec700000,0x00000000ecb00000)
 ParOldGen       total 68608K, used 9589K [0x00000000c0000000, 0x00000000c4300000, 0x00000000eab00000)
  object space 68608K, 13% used [0x00000000c0000000,0x00000000c095d670,0x00000000c4300000)
 Metaspace       used 24631K, committed 25344K, reserved 1114112K
  class space    used 2293K, committed 2560K, reserved 1048576K
}
Event: 5.148 GC heap before
{Heap before GC invocations=9 (full 1):
 PSYoungGen      total 28160K, used 27931K [0x00000000eab00000, 0x00000000ecb00000, 0x0000000100000000)
  eden space 24576K, 100% used [0x00000000eab00000,0x00000000ec300000,0x00000000ec300000)
  from space 3584K, 93% used [0x00000000ec380000,0x00000000ec6c6f98,0x00000000ec700000)
  to   space 4096K, 0% used [0x00000000ec700000,0x00000000ec700000,0x00000000ecb00000)
 ParOldGen       total 68608K, used 9589K [0x00000000c0000000, 0x00000000c4300000, 0x00000000eab00000)
  object space 68608K, 13% used [0x00000000c0000000,0x00000000c095d670,0x00000000c4300000)
 Metaspace       used 28382K, committed 29120K, reserved 1114112K
  class space    used 2744K, committed 3072K, reserved 1048576K
}
Event: 5.153 GC heap after
{Heap after GC invocations=9 (full 1):
 PSYoungGen      total 27136K, used 4068K [0x00000000eab00000, 0x00000000ecd80000, 0x0000000100000000)
  eden space 23040K, 0% used [0x00000000eab00000,0x00000000eab00000,0x00000000ec180000)
  from space 4096K, 99% used [0x00000000ec700000,0x00000000ecaf9320,0x00000000ecb00000)
  to   space 5632K, 0% used [0x00000000ec180000,0x00000000ec180000,0x00000000ec700000)
 ParOldGen       total 68608K, used 10571K [0x00000000c0000000, 0x00000000c4300000, 0x00000000eab00000)
  object space 68608K, 15% used [0x00000000c0000000,0x00000000c0a52c80,0x00000000c4300000)
 Metaspace       used 28382K, committed 29120K, reserved 1114112K
  class space    used 2744K, committed 3072K, reserved 1048576K
}
Event: 5.364 GC heap before
{Heap before GC invocations=10 (full 1):
 PSYoungGen      total 27136K, used 27108K [0x00000000eab00000, 0x00000000ecd80000, 0x0000000100000000)
  eden space 23040K, 100% used [0x00000000eab00000,0x00000000ec180000,0x00000000ec180000)
  from space 4096K, 99% used [0x00000000ec700000,0x00000000ecaf9320,0x00000000ecb00000)
  to   space 5632K, 0% used [0x00000000ec180000,0x00000000ec180000,0x00000000ec700000)
 ParOldGen       total 68608K, used 10571K [0x00000000c0000000, 0x00000000c4300000, 0x00000000eab00000)
  object space 68608K, 15% used [0x00000000c0000000,0x00000000c0a52c80,0x00000000c4300000)
 Metaspace       used 30090K, committed 30976K, reserved 1114112K
  class space    used 2923K, committed 3328K, reserved 1048576K
}
Event: 5.368 GC heap after
{Heap after GC invocations=10 (full 1):
 PSYoungGen      total 28160K, used 5468K [0x00000000eab00000, 0x00000000ecc00000, 0x0000000100000000)
  eden space 22528K, 0% used [0x00000000eab00000,0x00000000eab00000,0x00000000ec100000)
  from space 5632K, 97% used [0x00000000ec180000,0x00000000ec6d70e8,0x00000000ec700000)
  to   space 5120K, 0% used [0x00000000ec700000,0x00000000ec700000,0x00000000ecc00000)
 ParOldGen       total 68608K, used 11360K [0x00000000c0000000, 0x00000000c4300000, 0x00000000eab00000)
  object space 68608K, 16% used [0x00000000c0000000,0x00000000c0b18190,0x00000000c4300000)
 Metaspace       used 30090K, committed 30976K, reserved 1114112K
  class space    used 2923K, committed 3328K, reserved 1048576K
}

Dll operation events (11 events):
Event: 0.024 Loaded shared library C:\Program Files\Java\jdk-20\bin\java.dll
Event: 0.053 Loaded shared library C:\Program Files\Java\jdk-20\bin\jsvml.dll
Event: 0.137 Loaded shared library C:\Program Files\Java\jdk-20\bin\zip.dll
Event: 0.143 Loaded shared library C:\Program Files\Java\jdk-20\bin\instrument.dll
Event: 0.151 Loaded shared library C:\Program Files\Java\jdk-20\bin\net.dll
Event: 0.155 Loaded shared library C:\Program Files\Java\jdk-20\bin\nio.dll
Event: 0.158 Loaded shared library C:\Program Files\Java\jdk-20\bin\zip.dll
Event: 0.184 Loaded shared library C:\Program Files\Java\jdk-20\bin\jimage.dll
Event: 0.310 Loaded shared library C:\Program Files\Java\jdk-20\bin\verify.dll
Event: 1.875 Loaded shared library C:\Users\kenya\AppData\Roaming\Code\User\globalStorage\redhat.java\1.28.1\config_ss_win\org.eclipse.equinox.launcher\org.eclipse.equinox.launcher.win32.win32.x86_64_1.2.900.v20240129-1338\eclipse_11900.dll
Event: 4.676 Loaded shared library C:\Users\kenya\AppData\Local\Temp\jna-101935196\jna4735805801550174044.dll

Deoptimization events (20 events):
Event: 5.306 Thread 0x000001d9fce2e5c0 Uncommon trap: trap_request=0xffffff45 fr.pc=0x000001d987d2dd9c relative=0x000000000000017c
Event: 5.306 Thread 0x000001d9fce2e5c0 Uncommon trap: reason=unstable_if action=reinterpret pc=0x000001d987d2dd9c method=jdk.internal.jrtfs.JrtPath.normalize(Ljava/lang/String;)Ljava/lang/String; @ 78 c2
Event: 5.306 Thread 0x000001d9fce2e5c0 DEOPT PACKING pc=0x000001d987d2dd9c sp=0x000000331fcfdb80
Event: 5.306 Thread 0x000001d9fce2e5c0 DEOPT UNPACKING pc=0x000001d9874b90a2 sp=0x000000331fcfdb00 mode 2
Event: 5.316 Thread 0x000001d9fce2e5c0 Uncommon trap: trap_request=0xffffffc6 fr.pc=0x000001d987d32b70 relative=0x0000000000000210
Event: 5.316 Thread 0x000001d9fce2e5c0 Uncommon trap: reason=bimorphic_or_optimized_type_check action=maybe_recompile pc=0x000001d987d32b70 method=jdk.internal.jimage.ImageReader$SharedImageReader.findNode(Ljava/lang/String;)Ljdk/internal/jimage/ImageReader$Node; @ 22 c2
Event: 5.316 Thread 0x000001d9fce2e5c0 DEOPT PACKING pc=0x000001d987d32b70 sp=0x000000331fcfd890
Event: 5.316 Thread 0x000001d9fce2e5c0 DEOPT UNPACKING pc=0x000001d9874b90a2 sp=0x000000331fcfd858 mode 2
Event: 5.316 Thread 0x000001d9fce2e5c0 Uncommon trap: trap_request=0xffffffc6 fr.pc=0x000001d987d32b70 relative=0x0000000000000210
Event: 5.316 Thread 0x000001d9fce2e5c0 Uncommon trap: reason=bimorphic_or_optimized_type_check action=maybe_recompile pc=0x000001d987d32b70 method=jdk.internal.jimage.ImageReader$SharedImageReader.findNode(Ljava/lang/String;)Ljdk/internal/jimage/ImageReader$Node; @ 22 c2
Event: 5.316 Thread 0x000001d9fce2e5c0 DEOPT PACKING pc=0x000001d987d32b70 sp=0x000000331fcfd890
Event: 5.317 Thread 0x000001d9fce2e5c0 DEOPT UNPACKING pc=0x000001d9874b90a2 sp=0x000000331fcfd858 mode 2
Event: 5.317 Thread 0x000001d9fce2e5c0 Uncommon trap: trap_request=0xffffffc6 fr.pc=0x000001d987d32b70 relative=0x0000000000000210
Event: 5.317 Thread 0x000001d9fce2e5c0 Uncommon trap: reason=bimorphic_or_optimized_type_check action=maybe_recompile pc=0x000001d987d32b70 method=jdk.internal.jimage.ImageReader$SharedImageReader.findNode(Ljava/lang/String;)Ljdk/internal/jimage/ImageReader$Node; @ 22 c2
Event: 5.317 Thread 0x000001d9fce2e5c0 DEOPT PACKING pc=0x000001d987d32b70 sp=0x000000331fcfd890
Event: 5.317 Thread 0x000001d9fce2e5c0 DEOPT UNPACKING pc=0x000001d9874b90a2 sp=0x000000331fcfd858 mode 2
Event: 5.317 Thread 0x000001d9fce2e5c0 Uncommon trap: trap_request=0xffffffc6 fr.pc=0x000001d987d32b70 relative=0x0000000000000210
Event: 5.317 Thread 0x000001d9fce2e5c0 Uncommon trap: reason=bimorphic_or_optimized_type_check action=maybe_recompile pc=0x000001d987d32b70 method=jdk.internal.jimage.ImageReader$SharedImageReader.findNode(Ljava/lang/String;)Ljdk/internal/jimage/ImageReader$Node; @ 22 c2
Event: 5.317 Thread 0x000001d9fce2e5c0 DEOPT PACKING pc=0x000001d987d32b70 sp=0x000000331fcfd890
Event: 5.317 Thread 0x000001d9fce2e5c0 DEOPT UNPACKING pc=0x000001d9874b90a2 sp=0x000000331fcfd858 mode 2

Classes loaded (20 events):
Event: 5.237 Loading class java/nio/ByteBufferAsIntBufferL
Event: 5.237 Loading class java/nio/ByteBufferAsIntBufferL done
Event: 5.239 Loading class jdk/internal/jimage/ImageReader$Directory
Event: 5.239 Loading class jdk/internal/jimage/ImageReader$Directory done
Event: 5.265 Loading class java/nio/file/FileTreeWalker$DirectoryNode
Event: 5.265 Loading class java/nio/file/FileTreeWalker$DirectoryNode done
Event: 5.265 Loading class java/nio/file/FileTreeWalker$Event
Event: 5.266 Loading class java/nio/file/FileTreeWalker$Event done
Event: 5.266 Loading class java/nio/file/FileTreeWalker$EventType
Event: 5.266 Loading class java/nio/file/FileTreeWalker$EventType done
Event: 5.266 Loading class java/nio/file/Files$3
Event: 5.266 Loading class java/nio/file/Files$3 done
Event: 5.266 Loading class java/nio/file/FileVisitResult
Event: 5.266 Loading class java/nio/file/FileVisitResult done
Event: 5.336 Loading class java/nio/channels/Channels$ReadableByteChannelImpl
Event: 5.336 Loading class java/nio/channels/Channels$ReadableByteChannelImpl done
Event: 5.337 Loading class java/nio/channels/NonWritableChannelException
Event: 5.337 Loading class java/nio/channels/NonWritableChannelException done
Event: 5.337 Loading class sun/nio/ch/ChannelInputStream
Event: 5.337 Loading class sun/nio/ch/ChannelInputStream done

Classes unloaded (7 events):
Event: 3.119 Thread 0x000001d9ef753d00 Unloading class 0x000001d99017ac00 'java/lang/invoke/LambdaForm$MH+0x000001d99017ac00'
Event: 3.119 Thread 0x000001d9ef753d00 Unloading class 0x000001d99017a800 'java/lang/invoke/LambdaForm$MH+0x000001d99017a800'
Event: 3.119 Thread 0x000001d9ef753d00 Unloading class 0x000001d99017a400 'java/lang/invoke/LambdaForm$MH+0x000001d99017a400'
Event: 3.119 Thread 0x000001d9ef753d00 Unloading class 0x000001d99017a000 'java/lang/invoke/LambdaForm$MH+0x000001d99017a000'
Event: 3.119 Thread 0x000001d9ef753d00 Unloading class 0x000001d990179c00 'java/lang/invoke/LambdaForm$BMH+0x000001d990179c00'
Event: 3.119 Thread 0x000001d9ef753d00 Unloading class 0x000001d990179800 'java/lang/invoke/LambdaForm$DMH+0x000001d990179800'
Event: 3.119 Thread 0x000001d9ef753d00 Unloading class 0x000001d990178800 'java/lang/invoke/LambdaForm$DMH+0x000001d990178800'

Classes redefined (0 events):
No events

Internal exceptions (20 events):
Event: 4.724 Thread 0x000001d9fcbbd9c0 Exception <a 'java/lang/NoSuchMethodError'{0x00000000eaedd478}: 'void java.lang.invoke.DirectMethodHandle$Holder.invokeSpecial(java.lang.Object, java.lang.Object, java.lang.Object, int)'> (0x00000000eaedd478) 
thrown [s\open\src\hotspot\share\interpreter\linkResolver.cpp, line 773]
Event: 4.725 Thread 0x000001d9fcbbd9c0 Exception <a 'java/lang/NoSuchMethodError'{0x00000000eaee0b38}: 'void java.lang.invoke.DelegatingMethodHandle$Holder.reinvoke_L(java.lang.Object, java.lang.Object, int)'> (0x00000000eaee0b38) 
thrown [s\open\src\hotspot\share\interpreter\linkResolver.cpp, line 773]
Event: 4.725 Thread 0x000001d9fcbbd9c0 Exception <a 'java/lang/NoSuchMethodError'{0x00000000eaee74a0}: 'int java.lang.invoke.Invokers$Holder.invokeExact_MT(java.lang.Object, java.lang.Object, java.lang.Object)'> (0x00000000eaee74a0) 
thrown [s\open\src\hotspot\share\interpreter\linkResolver.cpp, line 773]
Event: 4.727 Thread 0x000001d9fcbbd9c0 Exception <a 'java/lang/UnsatisfiedLinkError'{0x00000000eaefa968}: 指定されたプロシージャが見つかりません。
> (0x00000000eaefa968) 
thrown [s\open\src\hotspot\share\prims\jni.cpp, line 538]
Event: 4.731 Thread 0x000001d9fcbbd9c0 Exception <a 'java/lang/NoSuchMethodError'{0x00000000eaf05d30}: 'void java.lang.invoke.Invokers$Holder.invokeExact_MT(java.lang.Object, java.lang.Object, int, java.lang.Object)'> (0x00000000eaf05d30) 
thrown [s\open\src\hotspot\share\interpreter\linkResolver.cpp, line 773]
Event: 4.760 Thread 0x000001d9ef6ae650 Exception <a 'java/lang/NoSuchMethodError'{0x00000000eb0e41c0}: 'java.lang.Object java.lang.invoke.DirectMethodHandle$Holder.invokeStatic(java.lang.Object, long, java.lang.Object)'> (0x00000000eb0e41c0) 
thrown [s\open\src\hotspot\share\interpreter\linkResolver.cpp, line 773]
Event: 4.760 Thread 0x000001d9ef6ae650 Exception <a 'java/lang/NoSuchMethodError'{0x00000000eb0e7818}: 'java.lang.Object java.lang.invoke.DirectMethodHandle$Holder.invokeStaticInit(java.lang.Object, long, java.lang.Object)'> (0x00000000eb0e7818) 
thrown [s\open\src\hotspot\share\interpreter\linkResolver.cpp, line 773]
Event: 4.761 Thread 0x000001d9ef6ae650 Exception <a 'java/lang/NoSuchMethodError'{0x00000000eb0ed770}: 'java.lang.Object java.lang.invoke.DirectMethodHandle$Holder.newInvokeSpecial(java.lang.Object, long)'> (0x00000000eb0ed770) 
thrown [s\open\src\hotspot\share\interpreter\linkResolver.cpp, line 773]
Event: 4.813 Thread 0x000001d9ef6ae650 Exception <a 'java/lang/NoSuchMethodError'{0x00000000eb2a6808}: 'void java.lang.invoke.DirectMethodHandle$Holder.invokeStatic(java.lang.Object, java.lang.Object, java.lang.Object, java.lang.Object)'> (0x00000000eb2a6808) 
thrown [s\open\src\hotspot\share\interpreter\linkResolver.cpp, line 773]
Event: 4.967 Thread 0x000001d9ef6ae650 Exception <a 'java/lang/NoSuchMethodError'{0x00000000ebab4db8}: 'void java.lang.invoke.DirectMethodHandle$Holder.invokeSpecial(java.lang.Object, java.lang.Object, java.lang.Object, java.lang.Object, java.lang.Object, java.lang.Object)'> (0x00000000ebab4db8) 
thrown [s\open\src\hotspot\share\interpreter\linkResolver.cpp, line 773]
Event: 4.968 Thread 0x000001d9ef6ae650 Exception <a 'java/lang/IncompatibleClassChangeError'{0x00000000ebabd9b0}: Found class java.lang.Object, but interface was expected> (0x00000000ebabd9b0) 
thrown [s\open\src\hotspot\share\interpreter\linkResolver.cpp, line 840]
Event: 4.969 Thread 0x000001d9ef6ae650 Exception <a 'java/lang/IncompatibleClassChangeError'{0x00000000ebabf658}: Found class java.lang.Object, but interface was expected> (0x00000000ebabf658) 
thrown [s\open\src\hotspot\share\interpreter\linkResolver.cpp, line 840]
Event: 5.108 Thread 0x000001d9fce2eb10 Exception <a 'java/lang/NoSuchMethodError'{0x00000000ec0a5ed8}: 'java.lang.Object java.lang.invoke.DirectMethodHandle$Holder.invokeInterface(java.lang.Object, java.lang.Object, java.lang.Object)'> (0x00000000ec0a5ed8) 
thrown [s\open\src\hotspot\share\interpreter\linkResolver.cpp, line 773]
Event: 5.121 Thread 0x000001d9fce2eb10 Exception <a 'java/io/FileNotFoundException'{0x00000000ec1304c0}> (0x00000000ec1304c0) 
thrown [s\open\src\hotspot\share\prims\jni.cpp, line 519]
Event: 5.147 Thread 0x000001d9fce2eb10 Exception <a 'sun/nio/fs/WindowsException'{0x00000000ec2f1418}> (0x00000000ec2f1418) 
thrown [s\open\src\hotspot\share\prims\jni.cpp, line 519]
Event: 5.155 Thread 0x000001d9fce2fb00 Exception <a 'java/io/FileNotFoundException'{0x00000000eab1b108}> (0x00000000eab1b108) 
thrown [s\open\src\hotspot\share\prims\jni.cpp, line 519]
Event: 5.155 Thread 0x000001d9fce2fb00 Exception <a 'java/io/FileNotFoundException'{0x00000000eab1c5a0}> (0x00000000eab1c5a0) 
thrown [s\open\src\hotspot\share\prims\jni.cpp, line 519]
Event: 5.155 Thread 0x000001d9fce2fb00 Exception <a 'java/io/FileNotFoundException'{0x00000000eab1d668}> (0x00000000eab1d668) 
thrown [s\open\src\hotspot\share\prims\jni.cpp, line 519]
Event: 5.222 Thread 0x000001d9fce2e5c0 Implicit null exception at 0x000001d987ce792f to 0x000001d987ce7b0c
Event: 5.222 Thread 0x000001d9fce2e5c0 Exception <a 'java/lang/NoSuchMethodError'{0x00000000eaf45168}: 'java.lang.Object java.lang.invoke.DelegatingMethodHandle$Holder.reinvoke_L(java.lang.Object, int, long, java.lang.Object, java.lang.Object, int, java.lang.Object)'> (0x00000000eaf45168) 
thrown [s\open\src\hotspot\share\interpreter\linkResolver.cpp, line 773]

VM Operations (20 events):
Event: 4.688 Executing VM operation: HandshakeAllThreads
Event: 4.688 Executing VM operation: HandshakeAllThreads done
Event: 4.724 Executing VM operation: HandshakeAllThreads
Event: 4.724 Executing VM operation: HandshakeAllThreads done
Event: 4.999 Executing VM operation: HandshakeAllThreads
Event: 4.999 Executing VM operation: HandshakeAllThreads done
Event: 5.113 Executing VM operation: HandshakeAllThreads
Event: 5.113 Executing VM operation: HandshakeAllThreads done
Event: 5.113 Executing VM operation: Cleanup
Event: 5.113 Executing VM operation: Cleanup done
Event: 5.148 Executing VM operation: ParallelGCFailedAllocation
Event: 5.153 Executing VM operation: ParallelGCFailedAllocation done
Event: 5.193 Executing VM operation: HandshakeAllThreads
Event: 5.193 Executing VM operation: HandshakeAllThreads done
Event: 5.238 Executing VM operation: HandshakeAllThreads
Event: 5.238 Executing VM operation: HandshakeAllThreads done
Event: 5.239 Executing VM operation: HandshakeAllThreads
Event: 5.239 Executing VM operation: HandshakeAllThreads done
Event: 5.364 Executing VM operation: ParallelGCFailedAllocation
Event: 5.368 Executing VM operation: ParallelGCFailedAllocation done

Events (20 events):
Event: 2.620 Thread 0x000001d9fce30050 Thread added: 0x000001d9fce30050
Event: 2.637 Thread 0x000001d9fce2fb00 Thread added: 0x000001d9fce2fb00
Event: 3.107 Thread 0x000001d9fde584d0 Thread added: 0x000001d9fde584d0
Event: 3.226 Thread 0x000001d9fce2e070 Thread added: 0x000001d9fce2e070
Event: 3.734 Thread 0x000001d9fce2e070 Thread exited: 0x000001d9fce2e070
Event: 3.742 Thread 0x000001d9fd0b1780 Thread exited: 0x000001d9fd0b1780
Event: 3.872 Thread 0x000001d9fd8c8f90 Thread added: 0x000001d9fd8c8f90
Event: 4.051 Thread 0x000001d9fda9f070 Thread added: 0x000001d9fda9f070
Event: 4.685 Thread 0x000001d9fda9f070 Thread exited: 0x000001d9fda9f070
Event: 4.692 Thread 0x000001d9fde584d0 Thread exited: 0x000001d9fde584d0
Event: 4.693 Thread 0x000001d9fce2f060 Thread added: 0x000001d9fce2f060
Event: 4.694 Thread 0x000001d9fcc95000 Thread exited: 0x000001d9fcc95000
Event: 4.782 Thread 0x000001d9fce2e070 Thread added: 0x000001d9fce2e070
Event: 4.911 Thread 0x000001d9fce2e5c0 Thread added: 0x000001d9fce2e5c0
Event: 5.003 Thread 0x000001d9fce2d080 Thread added: 0x000001d9fce2d080
Event: 5.004 Thread 0x000001d9fce2eb10 Thread added: 0x000001d9fce2eb10
Event: 5.100 Thread 0x000001d9fdd01920 Thread added: 0x000001d9fdd01920
Event: 5.143 Thread 0x000001d9fde97390 Thread added: 0x000001d9fde97390
Event: 5.256 Thread 0x000001d9fdcf90e0 Thread added: 0x000001d9fdcf90e0
Event: 5.267 Thread 0x000001d9fec2d740 Thread added: 0x000001d9fec2d740


Dynamic libraries:
0x00007ff722890000 - 0x00007ff7228a0000 	C:\Program Files\Java\jdk-20\bin\java.exe
0x00007ff96e270000 - 0x00007ff96e486000 	C:\Windows\SYSTEM32\ntdll.dll
0x00007ff96c7b0000 - 0x00007ff96c874000 	C:\Windows\System32\KERNEL32.DLL
0x00007ff96b910000 - 0x00007ff96bcb6000 	C:\Windows\System32\KERNELBASE.dll
0x00007ff96b790000 - 0x00007ff96b8a1000 	C:\Windows\System32\ucrtbase.dll
0x00007ff966200000 - 0x00007ff96621b000 	C:\Program Files\Java\jdk-20\bin\VCRUNTIME140.dll
0x00007ff9661e0000 - 0x00007ff9661f9000 	C:\Program Files\Java\jdk-20\bin\jli.dll
0x00007ff96e070000 - 0x00007ff96e122000 	C:\Windows\System32\ADVAPI32.dll
0x00007ff96d2c0000 - 0x00007ff96d367000 	C:\Windows\System32\msvcrt.dll
0x00007ff96bfc0000 - 0x00007ff96c068000 	C:\Windows\System32\sechost.dll
0x00007ff96b8e0000 - 0x00007ff96b908000 	C:\Windows\System32\bcrypt.dll
0x00007ff96c210000 - 0x00007ff96c325000 	C:\Windows\System32\RPCRT4.dll
0x00007ff96c5d0000 - 0x00007ff96c77d000 	C:\Windows\System32\USER32.dll
0x00007ff949840000 - 0x00007ff949ad3000 	C:\Windows\WinSxS\amd64_microsoft.windows.common-controls_6595b64144ccf1df_6.0.22621.3235_none_270f74e173860f98\COMCTL32.dll
0x00007ff96c4f0000 - 0x00007ff96c519000 	C:\Windows\System32\GDI32.dll
0x00007ff96b8b0000 - 0x00007ff96b8d6000 	C:\Windows\System32\win32u.dll
0x00007ff96bea0000 - 0x00007ff96bfb8000 	C:\Windows\System32\gdi32full.dll
0x00007ff96b6f0000 - 0x00007ff96b78a000 	C:\Windows\System32\msvcp_win.dll
0x00007ff951ae0000 - 0x00007ff951aea000 	C:\Windows\SYSTEM32\VERSION.dll
0x00007ff96c070000 - 0x00007ff96c0a1000 	C:\Windows\System32\IMM32.DLL
0x00007ff968340000 - 0x00007ff96834c000 	C:\Program Files\Java\jdk-20\bin\vcruntime140_1.dll
0x00007ff965fc0000 - 0x00007ff96604e000 	C:\Program Files\Java\jdk-20\bin\msvcp140.dll
0x00007ff903030000 - 0x00007ff903cc8000 	C:\Program Files\Java\jdk-20\bin\server\jvm.dll
0x00007ff949ae0000 - 0x00007ff949ae9000 	C:\Windows\SYSTEM32\WSOCK32.dll
0x00007ff95d530000 - 0x00007ff95d564000 	C:\Windows\SYSTEM32\WINMM.dll
0x00007ff96def0000 - 0x00007ff96df61000 	C:\Windows\System32\WS2_32.dll
0x00007ff96a5b0000 - 0x00007ff96a5c8000 	C:\Windows\SYSTEM32\kernel.appcore.dll
0x00007ff966560000 - 0x00007ff96656a000 	C:\Program Files\Java\jdk-20\bin\jimage.dll
0x00007ff966700000 - 0x00007ff966933000 	C:\Windows\SYSTEM32\DBGHELP.DLL
0x00007ff96d660000 - 0x00007ff96d9e8000 	C:\Windows\System32\combase.dll
0x00007ff96d370000 - 0x00007ff96d447000 	C:\Windows\System32\OLEAUT32.dll
0x00007ff95a290000 - 0x00007ff95a2c2000 	C:\Windows\SYSTEM32\dbgcore.DLL
0x00007ff96b5b0000 - 0x00007ff96b62a000 	C:\Windows\System32\bcryptPrimitives.dll
0x00007ff966230000 - 0x00007ff96623e000 	C:\Program Files\Java\jdk-20\bin\instrument.dll
0x00007ff965f90000 - 0x00007ff965fb6000 	C:\Program Files\Java\jdk-20\bin\java.dll
0x00007ff965c80000 - 0x00007ff965d57000 	C:\Program Files\Java\jdk-20\bin\jsvml.dll
0x00007ff96c980000 - 0x00007ff96d1dd000 	C:\Windows\System32\SHELL32.dll
0x00007ff9694c0000 - 0x00007ff969db8000 	C:\Windows\SYSTEM32\windows.storage.dll
0x00007ff969380000 - 0x00007ff9694be000 	C:\Windows\SYSTEM32\wintypes.dll
0x00007ff96c880000 - 0x00007ff96c973000 	C:\Windows\System32\SHCORE.dll
0x00007ff96d1e0000 - 0x00007ff96d23e000 	C:\Windows\System32\shlwapi.dll
0x00007ff96b4e0000 - 0x00007ff96b506000 	C:\Windows\SYSTEM32\profapi.dll
0x00007ff965f70000 - 0x00007ff965f88000 	C:\Program Files\Java\jdk-20\bin\zip.dll
0x00007ff965f10000 - 0x00007ff965f23000 	C:\Program Files\Java\jdk-20\bin\net.dll
0x00007ff961f40000 - 0x00007ff962077000 	C:\Windows\SYSTEM32\WINHTTP.dll
0x00007ff96aa20000 - 0x00007ff96aa89000 	C:\Windows\system32\mswsock.dll
0x00007ff965eb0000 - 0x00007ff965ec6000 	C:\Program Files\Java\jdk-20\bin\nio.dll
0x00007ff965f60000 - 0x00007ff965f70000 	C:\Program Files\Java\jdk-20\bin\verify.dll
0x00007ff965e70000 - 0x00007ff965eae000 	C:\Users\kenya\AppData\Roaming\Code\User\globalStorage\redhat.java\1.28.1\config_ss_win\org.eclipse.equinox.launcher\org.eclipse.equinox.launcher.win32.win32.x86_64_1.2.900.v20240129-1338\eclipse_11900.dll
0x00007ff96d450000 - 0x00007ff96d5ef000 	C:\Windows\System32\ole32.dll
0x00007ff96ade0000 - 0x00007ff96adfb000 	C:\Windows\SYSTEM32\CRYPTSP.dll
0x00007ff96a510000 - 0x00007ff96a545000 	C:\Windows\system32\rsaenh.dll
0x00007ff96aac0000 - 0x00007ff96aaec000 	C:\Windows\SYSTEM32\USERENV.dll
0x00007ff96ad50000 - 0x00007ff96ad5c000 	C:\Windows\SYSTEM32\CRYPTBASE.dll
0x00007ff96a060000 - 0x00007ff96a08d000 	C:\Windows\SYSTEM32\IPHLPAPI.DLL
0x00007ff96c780000 - 0x00007ff96c789000 	C:\Windows\System32\NSI.dll
0x00007ff9614e0000 - 0x00007ff9614f9000 	C:\Windows\SYSTEM32\dhcpcsvc6.DLL
0x00007ff961460000 - 0x00007ff96147f000 	C:\Windows\SYSTEM32\dhcpcsvc.DLL
0x00007ff96a0e0000 - 0x00007ff96a1d9000 	C:\Windows\SYSTEM32\DNSAPI.dll
0x00007ff965da0000 - 0x00007ff965de5000 	C:\Users\kenya\AppData\Local\Temp\jna-101935196\jna4735805801550174044.dll
0x00007ff96e000000 - 0x00007ff96e008000 	C:\Windows\System32\PSAPI.DLL

dbghelp: loaded successfully - version: 4.0.5 - missing functions: none
symbol engine: initialized successfully - sym options: 0x614 - pdb path: .;C:\Program Files\Java\jdk-20\bin;C:\Windows\SYSTEM32;C:\Windows\WinSxS\amd64_microsoft.windows.common-controls_6595b64144ccf1df_6.0.22621.3235_none_270f74e173860f98;C:\Program Files\Java\jdk-20\bin\server;C:\Users\kenya\AppData\Roaming\Code\User\globalStorage\redhat.java\1.28.1\config_ss_win\org.eclipse.equinox.launcher\org.eclipse.equinox.launcher.win32.win32.x86_64_1.2.900.v20240129-1338;C:\Users\kenya\AppData\Local\Temp\jna-101935196

VM Arguments:
jvm_args: --add-modules=ALL-SYSTEM --add-opens=java.base/java.util=ALL-UNNAMED --add-opens=java.base/java.lang=ALL-UNNAMED --add-opens=java.base/sun.nio.fs=ALL-UNNAMED -Declipse.application=org.eclipse.jdt.ls.core.id1 -Dosgi.bundles.defaultStartLevel=4 -Declipse.product=org.eclipse.jdt.ls.core.product -Djava.import.generatesMetadataFilesAtProjectRoot=false -DDetectVMInstallationsJob.disabled=true -Dfile.encoding=utf8 -XX:+UseParallelGC -XX:GCTimeRatio=4 -XX:AdaptiveSizePolicyWeight=90 -Dsun.zip.disableMemoryMapping=true -Xmx1G -Xms100m -Xlog:disable -javaagent:c:\Users\kenya\.vscode\extensions\redhat.java-1.28.1-win32-x64\lombok\lombok-1.18.31.jar 
java_command: c:\Users\kenya\.vscode\extensions\redhat.java-1.28.1-win32-x64\server\plugins\org.eclipse.equinox.launcher_1.6.700.v20231214-2017.jar -configuration c:\Users\kenya\AppData\Roaming\Code\User\globalStorage\redhat.java\1.28.1\config_ss_win -data c:\Users\kenya\AppData\Roaming\Code\User\workspaceStorage\9d91dc2d47d43183baebb62dfd81b70e\redhat.java\ss_ws --stdio
java_class_path (initial): c:\Users\kenya\.vscode\extensions\redhat.java-1.28.1-win32-x64\server\plugins\org.eclipse.equinox.launcher_1.6.700.v20231214-2017.jar
Launcher Type: SUN_STANDARD

[Global flags]
    uintx AdaptiveSizePolicyWeight                 = 90                                        {product} {command line}
     intx CICompilerCount                          = 12                                        {product} {ergonomic}
    uintx GCTimeRatio                              = 4                                         {product} {command line}
   size_t InitialHeapSize                          = 104857600                                 {product} {command line}
   size_t MaxHeapSize                              = 1073741824                                {product} {command line}
   size_t MaxNewSize                               = 357564416                                 {product} {ergonomic}
   size_t MinHeapDeltaBytes                        = 524288                                    {product} {ergonomic}
   size_t MinHeapSize                              = 104857600                                 {product} {command line}
   size_t NewSize                                  = 34603008                                  {product} {ergonomic}
    uintx NonNMethodCodeHeapSize                   = 7602480                                {pd product} {ergonomic}
    uintx NonProfiledCodeHeapSize                  = 122027880                              {pd product} {ergonomic}
   size_t OldSize                                  = 70254592                                  {product} {ergonomic}
    uintx ProfiledCodeHeapSize                     = 122027880                              {pd product} {ergonomic}
    uintx ReservedCodeCacheSize                    = 251658240                              {pd product} {ergonomic}
     bool SegmentedCodeCache                       = true                                      {product} {ergonomic}
   size_t SoftMaxHeapSize                          = 1073741824                             {manageable} {ergonomic}
     bool UseCompressedClassPointers               = true                           {product lp64_product} {ergonomic}
     bool UseCompressedOops                        = true                           {product lp64_product} {ergonomic}
     bool UseLargePagesIndividualAllocation        = false                                  {pd product} {ergonomic}
     bool UseParallelGC                            = true                                      {product} {command line}

Logging:
Log output configuration:
 #0: stdout all=off uptime,level,tags foldmultilines=false
 #1: stderr all=off uptime,level,tags foldmultilines=false

Environment Variables:
JAVA_HOME=C:\Program Files\Java\jdk-21
PATH=C:\Tool\apache-maven-3.9.6\bin;%Path%;C:\Program Files\Java\jdk-21\bin;C:\Program Files\Git\cmd;C:\jet\payara\bin;C:\Windows\System32;C:\Users\kenya\AppData\Local\Programs\Python\Python311\Scripts\;C:\Users\kenya\AppData\Local\Programs\Python\Python311\;C:\Users\kenya\AppData\Local\Microsoft\WindowsApps;;C:\Users\kenya\AppData\Local\Programs\Microsoft VS Code\bin
USERNAME=kenya
OS=Windows_NT
PROCESSOR_IDENTIFIER=Intel64 Family 6 Model 186 Stepping 2, GenuineIntel
TMP=C:\Users\kenya\AppData\Local\Temp
TEMP=C:\Users\kenya\AppData\Local\Temp




---------------  S Y S T E M  ---------------

OS:
 Windows 11 , 64 bit Build 22621 (10.0.22621.3235)
OS uptime: 6 days 16:21 hours
Hyper-V role detected

CPU: total 16 (initial active 16) (8 cores per cpu, 2 threads per core) family 6 model 186 stepping 2 microcode 0x410e, cx8, cmov, fxsr, ht, mmx, 3dnowpref, sse, sse2, sse3, ssse3, sse4.1, sse4.2, popcnt, lzcnt, tsc, tscinvbit, avx, avx2, aes, erms, clmul, bmi1, bmi2, adx, sha, fma, vzeroupper, clflush, clflushopt, clwb, hv, serialize, rdtscp, rdpid, fsrm, f16c, cet_ibt, cet_ss

Memory: 4k page, system-wide physical 16068M (520M free)
TotalPageFile size 65220M (AvailPageFile size 4M)
current process WorkingSet (physical memory assigned to process): 164M, peak: 164M
current process commit charge ("private bytes"): 283M, peak: 283M

vm_info: Java HotSpot(TM) 64-Bit Server VM (20.0.2+9-78) for windows-amd64 JRE (20.0.2+9-78), built on 2023-06-14T10:08:48Z by "mach5one" with MS VC++ 17.1 (VS2022)

END.
